[debug] [2025-08-22T08:28:01.818Z] ----------------------------------------------------------------------
[debug] [2025-08-22T08:28:01.821Z] Command:       C:\Program Files\nodejs\node.exe C:\Users\USER\AppData\Roaming\npm\node_modules\firebase-tools\lib\bin\firebase.js init hosting
[debug] [2025-08-22T08:28:01.821Z] CLI Version:   14.14.0
[debug] [2025-08-22T08:28:01.821Z] Platform:      win32
[debug] [2025-08-22T08:28:01.821Z] Node Version:  v22.16.0
[debug] [2025-08-22T08:28:01.821Z] Time:          Fri Aug 22 2025 16:28:01 GMT+0800 (台北標準時間)
[debug] [2025-08-22T08:28:01.821Z] ----------------------------------------------------------------------
[debug] 
[debug] [2025-08-22T08:28:01.826Z] > command requires scopes: ["email","openid","https://www.googleapis.com/auth/cloudplatformprojects.readonly","https://www.googleapis.com/auth/firebase","https://www.googleapis.com/auth/cloud-platform"]
[debug] [2025-08-22T08:28:01.826Z] > authorizing via signed-in user (j68216729@gmail.com)
[info] 
     ######## #### ########  ######## ########     ###     ######  ########
     ##        ##  ##     ## ##       ##     ##  ##   ##  ##       ##
     ######    ##  ########  ######   ########  #########  ######  ######
     ##        ##  ##    ##  ##       ##     ## ##     ##       ## ##
     ##       #### ##     ## ######## ########  ##     ##  ######  ########

You're about to initialize a Firebase project in this directory:

  C:\Users\USER\Downloads\my_app-main

[info] 
=== Project Setup
[info] 
[info] First, let's associate this project directory with a Firebase project.
[info] You can create multiple project aliases by running firebase use --add, 
[info] but for now we'll just set up a default project.
[info] 
[debug] [2025-08-22T08:28:32.059Z] Checked if tokens are valid: true, expires at: 1755854862404
[debug] [2025-08-22T08:28:32.059Z] Checked if tokens are valid: true, expires at: 1755854862404
[debug] [2025-08-22T08:28:32.060Z] >>> [apiv2][query] GET https://firebase.googleapis.com/v1beta1/projects pageSize=100
[debug] [2025-08-22T08:28:32.591Z] <<< [apiv2][status] GET https://firebase.googleapis.com/v1beta1/projects 200
[debug] [2025-08-22T08:28:32.591Z] <<< [apiv2][body] GET https://firebase.googleapis.com/v1beta1/projects [omitted]
[info] i  Using project cilpboard-new (cilpboard new) 
[info] 
=== Hosting Setup
[debug] [2025-08-22T08:28:34.798Z] Checked if tokens are valid: true, expires at: 1755854862404
[debug] [2025-08-22T08:28:34.798Z] Checked if tokens are valid: true, expires at: 1755854862404
[debug] [2025-08-22T08:28:34.798Z] >>> [apiv2][query] GET https://firebase.googleapis.com/v1beta1/projects/cilpboard-new [none]
[debug] [2025-08-22T08:28:35.129Z] <<< [apiv2][status] GET https://firebase.googleapis.com/v1beta1/projects/cilpboard-new 200
[debug] [2025-08-22T08:28:35.130Z] <<< [apiv2][body] GET https://firebase.googleapis.com/v1beta1/projects/cilpboard-new {"projectId":"cilpboard-new","projectNumber":"237545714844","displayName":"cilpboard new","name":"projects/cilpboard-new","resources":{"hostingSite":"cilpboard-new"},"state":"ACTIVE","etag":"1_39418069-1f28-42f8-a375-1635abf442f3"}
[info] 
[info] Your public directory is the folder (relative to your project directory) that
[info] will contain Hosting assets to be uploaded with firebase deploy. If you
[info] have a build process for your assets, use your build's output directory.
[info] 
[debug] [2025-08-22T08:29:17.485Z] >>> [apiv2][query] GET https://www.gstatic.com/firebasejs/releases.json [none]
[debug] [2025-08-22T08:29:17.549Z] <<< [apiv2][status] GET https://www.gstatic.com/firebasejs/releases.json 200
[debug] [2025-08-22T08:29:17.549Z] <<< [apiv2][body] GET https://www.gstatic.com/firebasejs/releases.json {"current":{"version":"12.1.0","browserURL":"https://www.gstatic.com/firebasejs/12.1.0/firebase.js","packageURL":"https://www.gstatic.com/firebasejs/12.1.0/firebase.tgz"},"live":{"version":"12.1","browserURL":"https://www.gstatic.com/firebasejs/live/12.1/firebase.js","packageURL":"https://www.gstatic.com/firebasejs/live/12.1/firebase.tgz"},"components":{"ai":"https://www.gstatic.com/firebasejs/12.1.0/firebase-ai.js","analytics":"https://www.gstatic.com/firebasejs/12.1.0/firebase-analytics.js","app":"https://www.gstatic.com/firebasejs/12.1.0/firebase-app.js","app-check":"https://www.gstatic.com/firebasejs/12.1.0/firebase-app-check.js","auth":"https://www.gstatic.com/firebasejs/12.1.0/firebase-auth.js","auth/cordova":"https://www.gstatic.com/firebasejs/12.1.0/firebase-auth/cordova.js","auth/web-extension":"https://www.gstatic.com/firebasejs/12.1.0/firebase-auth/web-extension.js","functions":"https://www.gstatic.com/firebasejs/12.1.0/firebase-functions.js","firestore":"https://www.gstatic.com/firebasejs/12.1.0/firebase-firestore.js","firestore/lite":"https://www.gstatic.com/firebasejs/12.1.0/firebase-firestore/lite.js","installations":"https://www.gstatic.com/firebasejs/12.1.0/firebase-installations.js","storage":"https://www.gstatic.com/firebasejs/12.1.0/firebase-storage.js","performance":"https://www.gstatic.com/firebasejs/12.1.0/firebase-performance.js","remote-config":"https://www.gstatic.com/firebasejs/12.1.0/firebase-remote-config.js","messaging":"https://www.gstatic.com/firebasejs/12.1.0/firebase-messaging.js","messaging/sw":"https://www.gstatic.com/firebasejs/12.1.0/firebase-messaging/sw.js","database":"https://www.gstatic.com/firebasejs/12.1.0/firebase-database.js","data-connect":"https://www.gstatic.com/firebasejs/12.1.0/firebase-data-connect.js","firestore.memory":"https://www.gstatic.com/firebasejs/12.1.0/firebase-firestore.memory.js"}}
[info] i  Skipping write of dist/index.html 
[info] 
[info] i  Didn't detect a .git folder. Assuming C:\Users\USER\Downloads\my_app-main is the project root. 
[info] i  Authorizing with GitHub to upload your service account to a GitHub repository's secrets store. 
[info] 
[info] Visit this URL on this device to log in:
[info] https://github.com/login/oauth/authorize?client_id=89cf50f02ac6aaed3484&state=486416401&redirect_uri=http%3A%2F%2Flocalhost%3A9005&scope=read%3Auser%20repo%20public_repo
[info] 
[info] Waiting for authentication...
[debug] [2025-08-22T08:29:47.340Z] >>> [apiv2][query] POST https://github.com/login/oauth/access_token [none]
[debug] [2025-08-22T08:29:47.340Z] >>> [apiv2][body] POST https://github.com/login/oauth/access_token [stream]
[debug] [2025-08-22T08:29:47.740Z] <<< [apiv2][status] POST https://github.com/login/oauth/access_token 200
[debug] [2025-08-22T08:29:47.740Z] <<< [apiv2][body] POST https://github.com/login/oauth/access_token {"access_token":"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","token_type":"bearer","scope":"read:user,repo"}
[debug] [2025-08-22T08:29:47.742Z] >>> [apiv2][query] GET https://api.github.com/user [none]
[debug] [2025-08-22T08:29:48.222Z] <<< [apiv2][status] GET https://api.github.com/user 200
[debug] [2025-08-22T08:29:48.223Z] <<< [apiv2][body] GET https://api.github.com/user {"login":"alvin000009238","id":107313913,"node_id":"U_kgDOBmV6-Q","avatar_url":"https://avatars.githubusercontent.com/u/107313913?v=4","gravatar_id":"","url":"https://api.github.com/users/alvin000009238","html_url":"https://github.com/alvin000009238","followers_url":"https://api.github.com/users/alvin000009238/followers","following_url":"https://api.github.com/users/alvin000009238/following{/other_user}","gists_url":"https://api.github.com/users/alvin000009238/gists{/gist_id}","starred_url":"https://api.github.com/users/alvin000009238/starred{/owner}{/repo}","subscriptions_url":"https://api.github.com/users/alvin000009238/subscriptions","organizations_url":"https://api.github.com/users/alvin000009238/orgs","repos_url":"https://api.github.com/users/alvin000009238/repos","events_url":"https://api.github.com/users/alvin000009238/events{/privacy}","received_events_url":"https://api.github.com/users/alvin000009238/received_events","type":"User","user_view_type":"private","site_admin":false,"name":null,"company":null,"blog":"","location":null,"email":null,"hireable":null,"bio":null,"twitter_username":null,"notification_email":null,"public_repos":14,"public_gists":0,"followers":0,"following":0,"created_at":"2022-06-11T14:56:58Z","updated_at":"2025-07-30T01:02:17Z","private_gists":0,"total_private_repos":3,"owned_private_repos":3,"disk_usage":768,"collaborators":0,"two_factor_authentication":false,"plan":{"name":"free","space":976562499,"collaborators":0,"private_repos":10000}}
[info] 
[info] +  Success! Logged into GitHub as alvin000009238 
[info] 
